Release 14.7 - ngc2edif P.20131013 (lin64)
Copyright (c) 1995-2013 Xilinx, Inc.  All rights reserved.
Reading design testtest.ngc ...
WARNING:NetListWriters:298 - No output is written to testtest.xncf, ignored.
Processing design ...
   Preping design's networks ...
   Preping design's macros ...
WARNING:NetListWriters:306 - Signal bus T1/ReadDataMem<7 : 0> on block testtest
   is not reconstructed, because there are some missing bus signals.
WARNING:NetListWriters:306 - Signal bus T1/T6/T1/cin<4 : 1> on block testtest is
   not reconstructed, because there are some missing bus signals.
  finished :Prep
Writing EDIF netlist file testtest.edif ...
ngc2edif: Total memory usage is 93368 kilobytes

Release 14.7 - ngc2edif P.20131013 (lin64)
Copyright (c) 1995-2013 Xilinx, Inc.  All rights reserved.
Reading design testtest.ngc ...
WARNING:NetListWriters:298 - No output is written to testtest.xncf, ignored.
Processing design ...
   Preping design's networks ...
   Preping design's macros ...
WARNING:NetListWriters:306 - Signal bus T1/ReadDataMem<7 : 0> on block testtest
   is not reconstructed, because there are some missing bus signals.
WARNING:NetListWriters:306 - Signal bus T1/T12/out<4 : 1> on block testtest is
   not reconstructed, because there are some missing bus signals.
  finished :Prep
Writing EDIF netlist file testtest.edif ...
ngc2edif: Total memory usage is 93384 kilobytes

Release 14.7 - ngc2edif P.20131013 (lin64)
Copyright (c) 1995-2013 Xilinx, Inc.  All rights reserved.
Reading design testtest.ngc ...
WARNING:NetListWriters:298 - No output is written to testtest.xncf, ignored.
Processing design ...
   Preping design's networks ...
   Preping design's macros ...
WARNING:NetListWriters:306 - Signal bus T1/ReadDataMem<7 : 0> on block testtest
   is not reconstructed, because there are some missing bus signals.
WARNING:NetListWriters:306 - Signal bus T1/T12/out<4 : 1> on block testtest is
   not reconstructed, because there are some missing bus signals.
  finished :Prep
Writing EDIF netlist file testtest.edif ...
ngc2edif: Total memory usage is 93384 kilobytes

Release 14.7 - ngc2edif P.20131013 (lin64)
Copyright (c) 1995-2013 Xilinx, Inc.  All rights reserved.
Reading design testtest.ngc ...
WARNING:NetListWriters:298 - No output is written to testtest.xncf, ignored.
Processing design ...
   Preping design's networks ...
   Preping design's macros ...
WARNING:NetListWriters:306 - Signal bus T1/ReadDataMem<7 : 0> on block testtest
   is not reconstructed, because there are some missing bus signals.
WARNING:NetListWriters:306 - Signal bus T1/T12/out<4 : 1> on block testtest is
   not reconstructed, because there are some missing bus signals.
  finished :Prep
Writing EDIF netlist file testtest.edif ...
ngc2edif: Total memory usage is 93376 kilobytes

