Command line:
   FreqDivider_isim_beh.exe
     -simmode  gui
     -simrunnum  0
     -socket  34005

Tue Jun 15 14:11:24 2021


 Elaboration Time: 0.01 sec

 Current Memory Usage: 184.193 Meg

 Total Signals          : 14
 Total Nets             : 15
 Total Signal Drivers   : 6
 Total Blocks           : 2
 Total Primitive Blocks : 2
 Total Processes        : 9
 Total Traceable Variables  : 20
 Total Scalar Nets and Variables : 128
Total Line Count : 22

 Total Simulation Time: 0.02 sec

 Current Memory Usage: 259.695 Meg

Tue Jun 15 14:11:31 2021

